2016-02-17 15:58:01,778 - transaction - WARNING - warn message
2016-02-17 15:58:01,778 - transaction - ERROR - error message
2016-02-17 15:58:01,778 - transaction - CRITICAL - critical message
2016-02-17 17:43:09,001 - transaction - INFO - account:1234   action:withdraw    amount:1000.0   interest:50.0
2016-02-17 17:43:09,001 - transaction - INFO - account:1234   action:withdraw    amount:1000.0   interest:50.0
2016-02-17 17:44:38,292 - transaction - INFO - account:1234   action:withdraw    amount:3000.0   interest:150.0
2016-02-17 17:44:38,292 - transaction - INFO - account:1234   action:withdraw    amount:3000.0   interest:150.0
2016-02-17 17:45:44,927 - transaction - INFO - account:1234   action:withdraw    amount:1000.0   interest:50.0
2016-02-17 17:45:44,927 - transaction - INFO - account:1234   action:withdraw    amount:1000.0   interest:50.0
2016-02-17 17:45:59,967 - transaction - INFO - account:1234   action:withdraw    amount:2000.0   interest:100.0
2016-02-17 17:45:59,967 - transaction - INFO - account:1234   action:withdraw    amount:2000.0   interest:100.0
2016-02-17 17:46:26,080 - transaction - INFO - account:1234   action:withdraw    amount:10.0   interest:0.5
2016-02-17 17:46:26,080 - transaction - INFO - account:1234   action:withdraw    amount:10.0   interest:0.5
2016-02-17 17:50:40,369 - transaction - INFO - account:1234   action:withdraw    amount:100.0   interest:5.0
2016-02-17 17:50:57,418 - transaction - INFO - account:1234   action:withdraw    amount:99.0   interest:4.95
2016-02-17 17:53:17,927 - transaction - INFO - account:1234   action:withdraw    amount:900.0   interest:45.0
2016-02-17 17:53:22,007 - transaction - INFO - account:1234   action:withdraw    amount:9000.0   interest:450.0
2016-02-17 17:55:54,325 - transaction - INFO - account:1234   action:repay    amount:300.0   interest:0.0
2016-02-17 17:55:57,966 - transaction - INFO - account:1234   action:repay    amount:30000.0   interest:0.0
2016-02-17 17:56:10,630 - transaction - INFO - account:1234   action:withdraw    amount:10000.0   interest:500.0
2018-01-23 16:20:12,691 - transaction - INFO - account:1234   action:withdraw    amount:1000.0   interest:50.0
2018-01-23 16:20:37,045 - transaction - INFO - account:1234   action:withdraw    amount:0.0   interest:0.0
2018-01-23 16:20:49,450 - transaction - INFO - account:1234   action:withdraw    amount:10000.0   interest:500.0
2018-01-25 11:37:26,548 - transaction - INFO - account:1234   action:withdraw    amount:10.0   interest:0.5
2018-01-25 16:13:51,196 - transaction - INFO - account:1234   action:repay    amount:99999.0   interest:0.0
2018-01-25 16:18:19,106 - transaction - INFO - account:1234   action:withdraw    amount:10000.0   interest:500.0
2018-01-25 18:58:16,375 - transaction - INFO - account:1001   action:withdraw    amount:10000.0   interest:500.0
2018-01-25 18:58:37,404 - transaction - INFO - account:1001   action:repay    amount:10000.0   interest:0.0
2018-01-25 20:09:11,995 - transaction - INFO - account:1001   action:transfer    amount:10000.0   interest:500.0
2018-01-25 20:13:58,730 - transaction - INFO - account:1001   action:transfer    amount:1000.0   interest:50.0
2018-01-25 20:22:00,478 - transaction - INFO - account:1001   action:repay    amount:100000.0   interest:0.0
2018-01-25 20:22:12,767 - transaction - INFO - account:1001   action:transfer    amount:10000.0   interest:500.0
2018-01-25 20:23:27,926 - transaction - INFO - account:1001   action:transfer    amount:10000.0   interest:500.0
2018-01-25 20:25:36,890 - transaction - INFO - account:1001   action:transfer    amount:1000.0   interest:50.0
2018-01-25 20:30:59,044 - transaction - INFO - account:1001   action:transfer    amount:1000.0   interest:50.0
2018-01-25 20:32:59,563 - transaction - INFO - account:1001   action:transfer    amount:1000.0   interest:50.0
2018-01-25 20:39:27,937 - transaction - INFO - account:1001   action:transfer    amount:1000.0   interest:50.0
2018-01-25 20:40:37,274 - transaction - INFO - account:1001   action:transfer    amount:1000.0   interest:50.0
2018-01-25 20:40:37,283 - transaction - INFO - account:1002   action:consume    amount:1000.0   interest:0.0
2018-01-25 20:40:55,961 - transaction - INFO - account:1001   action:transfer    amount:10000.0   interest:500.0
2018-01-25 20:40:55,968 - transaction - INFO - account:1002   action:consume    amount:10000.0   interest:0.0
2018-01-25 20:43:36,392 - transaction - INFO - account:1001   action:repay    amount:100000.0   interest:0.0
2018-01-25 20:43:46,489 - transaction - INFO - account:1001   action:transfer    amount:90000.0   interest:4500.0
2018-01-25 20:43:46,496 - transaction - INFO - account:1002   action:consume    amount:90000.0   interest:0.0
2018-01-30 21:15:27,956 - transaction - INFO - account:1001   action:transfer    amount:9000.0   interest:450.0
2018-01-30 21:15:27,969 - transaction - INFO - account:1005   action:consume    amount:9000.0   interest:0.0
2018-01-30 22:33:02,021 - transaction - INFO - account:1002   action:withdraw    amount:30000.0   interest:1500.0
2018-02-01 11:41:15,423 - transaction - INFO - account:1001   action:withdraw    amount:10000.0   interest:500.0
